(node:93143) [DEP0205] DeprecationWarning: `module.register()` is deprecated. Use `module.registerHooks()` instead.
(Use `node --trace-deprecation ...` to show where the warning was created)

  VITE v8.0.14  ready in 263 ms

  ➜  Local:   http://localhost:6173/
  ➜  Network: http://192.168.1.99:6173/
  ➜  press h + enter to show help
9:02:34 AM [vite] http proxy error: /api/creations?status=all
Error: connect ECONNREFUSED 127.0.0.1:6177
    at TCPConnectWrap.afterConnect [as oncomplete] (node:net:1705:16)
9:02:34 AM [vite] http proxy error: /api/creations?status=all
Error: connect ECONNREFUSED 127.0.0.1:6177
    at TCPConnectWrap.afterConnect [as oncomplete] (node:net:1705:16)
Media library running at http://localhost:6173
API server listening at http://localhost:6177
Media directory: /Users/levi/src/levibuzolic/genai/media
10:20:20 AM [vite] (client) hmr update /src/index.css, /src/components/media/MediaCard.tsx
10:20:20 AM [vite] (client) hmr update /src/index.css, /src/components/common/MediaSkeleton.tsx
10:20:20 AM [vite] (client) hmr update /src/index.css
10:32:48 AM [vite] (client) hmr update /src/index.css, /src/components/media/MediaDialog.tsx
10:33:17 AM [vite] (client) hmr update /src/index.css
10:33:38 AM [vite] (client) hmr update /src/index.css
10:34:32 AM [vite] (client) [console.error] `DialogContent` requires a `DialogTitle` for the component to be accessible for screen reader users.

If you want to hide the `DialogTitle`, you can wrap it with our VisuallyHidden component.

For more information, see https://radix-ui.com/primitives/docs/components/dialog
10:34:32 AM [vite] (client) [console.warn] Warning: Missing `Description` or `aria-describedby={undefined}` for {DialogContent}.
10:34:32 AM [vite] (client) [console.error] `DialogContent` requires a `DialogTitle` for the component to be accessible for screen reader users.

If you want to hide the `DialogTitle`, you can wrap it with our VisuallyHidden component.

For more information, see https://radix-ui.com/primitives/docs/components/dialog
10:34:32 AM [vite] (client) [console.warn] Warning: Missing `Description` or `aria-describedby={undefined}` for {DialogContent}.
10:35:23 AM [vite] (client) hmr update /src/index.css
10:35:37 AM [vite] (client) [console.error] `DialogContent` requires a `DialogTitle` for the component to be accessible for screen reader users.

If you want to hide the `DialogTitle`, you can wrap it with our VisuallyHidden component.

For more information, see https://radix-ui.com/primitives/docs/components/dialog
10:35:37 AM [vite] (client) [console.warn] Warning: Missing `Description` or `aria-describedby={undefined}` for {DialogContent}.
10:35:37 AM [vite] (client) [console.error] `DialogContent` requires a `DialogTitle` for the component to be accessible for screen reader users.

If you want to hide the `DialogTitle`, you can wrap it with our VisuallyHidden component.

For more information, see https://radix-ui.com/primitives/docs/components/dialog
10:35:37 AM [vite] (client) [console.warn] Warning: Missing `Description` or `aria-describedby={undefined}` for {DialogContent}.
10:36:12 AM [vite] (client) hmr update /src/index.css
10:36:25 AM [vite] (client) [console.error] `DialogContent` requires a `DialogTitle` for the component to be accessible for screen reader users.

If you want to hide the `DialogTitle`, you can wrap it with our VisuallyHidden component.

For more information, see https://radix-ui.com/primitives/docs/components/dialog
10:36:25 AM [vite] (client) [console.warn] Warning: Missing `Description` or `aria-describedby={undefined}` for {DialogContent}.
10:36:25 AM [vite] (client) [console.error] `DialogContent` requires a `DialogTitle` for the component to be accessible for screen reader users.

If you want to hide the `DialogTitle`, you can wrap it with our VisuallyHidden component.

For more information, see https://radix-ui.com/primitives/docs/components/dialog
10:36:25 AM [vite] (client) [console.warn] Warning: Missing `Description` or `aria-describedby={undefined}` for {DialogContent}.
10:37:17 AM [vite] (client) hmr update /src/index.css
10:37:30 AM [vite] (client) [console.error] `DialogContent` requires a `DialogTitle` for the component to be accessible for screen reader users.

If you want to hide the `DialogTitle`, you can wrap it with our VisuallyHidden component.

For more information, see https://radix-ui.com/primitives/docs/components/dialog
10:37:30 AM [vite] (client) [console.warn] Warning: Missing `Description` or `aria-describedby={undefined}` for {DialogContent}.
10:37:30 AM [vite] (client) [console.error] `DialogContent` requires a `DialogTitle` for the component to be accessible for screen reader users.

If you want to hide the `DialogTitle`, you can wrap it with our VisuallyHidden component.

For more information, see https://radix-ui.com/primitives/docs/components/dialog
10:37:30 AM [vite] (client) [console.warn] Warning: Missing `Description` or `aria-describedby={undefined}` for {DialogContent}.
10:38:45 AM [vite] (client) [console.error] `DialogContent` requires a `DialogTitle` for the component to be accessible for screen reader users.

If you want to hide the `DialogTitle`, you can wrap it with our VisuallyHidden component.

For more information, see https://radix-ui.com/primitives/docs/components/dialog
10:38:45 AM [vite] (client) [console.warn] Warning: Missing `Description` or `aria-describedby={undefined}` for {DialogContent}.
10:38:45 AM [vite] (client) [console.error] `DialogContent` requires a `DialogTitle` for the component to be accessible for screen reader users.

If you want to hide the `DialogTitle`, you can wrap it with our VisuallyHidden component.

For more information, see https://radix-ui.com/primitives/docs/components/dialog
10:38:45 AM [vite] (client) [console.warn] Warning: Missing `Description` or `aria-describedby={undefined}` for {DialogContent}.
